251
76712
2978708
176449
139859
164679
3973
16092
226687
612913
98344
153157
146035
108901
76909
37440
51901
206591
287447
341565
51314
95339
32062
32062
39678
251
15045
570860
123845
164679
2294526
329448
64887
490898
133505
2246
66726
152167
34508
102996
215352
2092501
84662
571585
317979
175913
90297
37135
30702
21336
149845
38004
54635
122848
317191
162028
62477
105464
13240
81705
97091
54990
22389
79851
250484
37221
72118
152167
197233
432367
114720
4437
96457
177329
12076
72109
76909
941047
49641
182999
7155
64728
97051
229543
143149
88504
28386
182994
487786
291120
126177
95547
21474
103598
422044
303402
747477
161824
99766
12457
290958
289895
278033
110709
108216
135010
308402
233640
5197
342741
83229
1275921
192667
67445
230170
198853
118959
104414
1305599
170879
810881
175710
93371
76728
403230
66728
956657
29158
2925722
754159
487832
296130
184114
164797
1504763
92357
91406
88299
1314820
1275921
5921
490940
40706
1857827
633661
30879
67445
410190
86539
311021
158577
349252
213551
66065
199662
47723
91616
160158
22389
340383
156805
39537
2173172
579836
95849
296130
73506
482142
1378367
77691
272401
154808
1410666
73506
199198
290171
128554
122363
63688
232445
203598
104646
124811
221761
96981
5198034
629627
104826
66473
127481
132599
162090
253924
2921715
2692490
176623
206367
574301
190728
74485
59697
257712
444122
291824
177656
177188
13823
187068
199198
2074548
289338
4709032
274734
157299
568070
2153456
279733
88504
130759
469949
281137
692678
345863
331525
327467
323838
2170987
95554
540265
304921
91954
25063
296401
915237
457459
31708
30285
396558
3435023
488456
786288
1741001
618785
1944571
299902
4415957
39620
333750
166424
39620
172389
348427
596418
261252
568070
184114
219814
375477
287341
187068
88000
449343
163551
806549
272034
121428
155844
2490624
250851
2745456
124811
49991
95769
7289651
49295
717718
167574
367545
679435
13823
152791
23874445
744655
1299396
2202923
134901
89812
89590
838522
171976
133874
36962
653358
285277
261511
203858
152034
1111368
34684608
266550
152791
