82313
105332
113620
544180
228234
129539
10619
73273
22418
587133
141013
82547
129453
90048
77898
85200
97337
454703
36295
239702
28355
77898
4338492
140926
24646677
58025
44115
135244
194968
99638
244834
1659553
24673
21227
104976
216106
11677
50538
47196
127856
60965
1893
122060
6438
379840
1085132
163968
2721459
201785
23981
37478
135739
135989
41229
162156
110425
26418
91087
86544
444723
56644
96970
104649
190725
69428
584424
51449
248773
44242
91306
85241
222791
189042
1085132
60900
298707
65745
379315
12550
267302
151666
760734
253852
41214
38665
4354
135989
285878
61114
71022
15154
79445
165300
1160146
97092
601276
144130
26486
104649
79300
2595557
22345
369729
119266
108632
20080
138727
192154
103524
87663
97162
73941
107066
190725
40628
399021
1876438
56422
1400099
254496
431859
16421
288731
249951
130350
110195
50112
135207
57947
40628
189464
241844
466113
418634
142002
1454798
33513
1454798
93998
357722
207882
68988
5112312
14954
593914
182893
88311
77983
57723
483182
1362709
4759
88244
40794
18754820
120827
1127765
64708
5822
175837
2447289
93665
1427282
2523811
595759
700468
149317
160354
63428
12550
63489
135989
177884
484296
129453
73377
298216
224099
105263
125518
768684
57176
85958
65745
333604
168366
269280
413448
49017
111672
279982
10475
111731
321698
434976
163909
33309
133958
48392
73165
47883
6584932
339072
712001
1246984
230822
607630
67749
782267
241723
224987
122193
584189
531492
304515
165531
174705
214500
231408
967748
2880467
123096
274011
116297
37232
390183
318463
1222726
230822
85914
1470274
114935
123096
92451
279157
287563
48129
144019
384243
577307
1396744
115417
236825
69455
367114
140282
284446
240119
583701
460671
298377
570358
194768
364924
222842
224825
386165
530600
166625
132522
180532
3064882
178360
432340
2599064
185584
5839395
410071
118007
335966
118695
240338
439013
541478
70629
185657
68455
358274
118164
229587
243253
118904
373733
300406
476302
99833
178920
196894
163721
107914
93797
243007
140818
102158
2403822
414299
196558
179791
193937
610026
54812
179791
3213570
923479
212078
871157
931727
179791
179791
191286
140254
58385
946809
5420758
179791
286170
1563048
834270
166560
70629
201000
83729
5028864
616450
496261
222214
511991
333831
233903
196815
717202
558123
156349
7262522
1021353
53795
692142
293805
54830
498902
713957
