43726
184234
49639
771485
122835
204932
138563
150701
28557
360034
393779
116857
757785
90830
1973
683604
458440
10987
80231
54049
122419
3222
10166
99135
52889
28169
73732
291520
10660
512023
20409
9890
97584
7649
752789
25130
2630838
60495
99847
94249
92306
360034
200326
59774
3097
100977
90570
14212
54866882
1524
240188
94621
6949
144677
6349
4135182
579082
38694
948260
182456
28169
50201
3943169
1185112
100977
392821
106064
857395
67501
52682
2725831
89259
1347
160210
18589
3168805
321690
91392
351320
113582
6045781
2209905
2241211
251244
489403
13253
8449569
46423
147695
2495316
342212
17429
8963
75558
1085251
255205
180054
34500
149237
390722
14258
177002
164555
2495274
38863
68925
52682
58139
124787
869586
175008
1356916
17900
45343
120585
232069
427575
91731
292530
566089
101191
1898645
32953
124787
145351
167003
3222
67650
296121
59774
170112
43717
60989
86031
17216
38863
49799
38694
843176
25340
351320
196680
28557
397095
66095
193758
69929
91392
44314
76725
295784
115499
261237
100335
52783
412389
1066602
590070
177247
21319
47309
86971
52785
27677
181727
73799
270774
149237
2389009
1070559
63024
18589
62759
748832
45377
66793
31695
44085
18225
223539
461561
103660
141798
25183
23234
100335
100977
802541
368357
183796
2122269
414738
924814
76991
306669
1988099
136225
194096
65814
54332
26389
24323
342212
10109544
158543
46971
251132
72788
243154
448869
289126
195911
205621
114374
96638
1006286
105268
251235
321027
516581
758882
239975
376206
216313
297689
125482
78042
87682
228642
173184
103158649
367199
240634
376206
256140
86408
963919
725031
251235
474792
242783
141233
121549
44873
7228428
65554
111499
306669
341301
100264
177859
165623
138379
170795
229146
127851
104876
88696
57101
4748
643782
138883
114374
4085981
343336
3092460
111543
74786
292530
125459
132904
25183
96806
157569
69507
121475
1770639
4748
637639
831411
242853
373950
26389
255311
769755
31212
170140
161085
117268
1994320
199854
523121
582147
255311
7531478
108757
1234430
100198
230727
448869
51531
171376
205684
1219357
20738
225272
999754
135661
34016
87025
274980
122377
98269
8887
98044
97276
624128
148971
166303
64763
497920
1275883
3682803
93813
833600
180362
1569653
27721
114950
266346
323242
210509
581717
293073
68283
433636
