80170
88676
37035
56559
644954
67299
56815
65002
86554
66226
85275
85771
261492
75851
183246
7216
66451
110046
34875
91686
65002
191187
401637
477167
18805363
146071
135638
117752
68945
2789411
262459
78217
360754
141634
350606
78217
188363
112860
82969
319174
873033
241321
153747
155748
473922
5199493
1859833
103038
155835
96811
155497
130048
769159
1136537
270619
977017
185701
271940
147873
136722
68945
164197
122748
319174
157019
147873
165738
131281
1716036
149407
109395
995526
1001021
6497234
141539
146749
151860
148808
105696
77281
325055
335954
135090
133879
126444
304490
145051
2966558
135569
3556900
115889
268058
2591606
322398
264420
79117487
608800
100425
221523
406364
376908
71099
221718
417465
203920
161445
270744
7353647
241556
11297363
161995
313020
591721
101151
145051
193649
985784
86312
7383012
97106
142950
214103
81068
124408
477577
95314
103409
372005
216688
253603
168725
104453
219627
300808
221228
1103790
167050
156581
131460
947397
125339
389007
190358
41561466
132211
151860
126095
298570
241321
6603722
2945582
71078
317677
355922
108834
254013
819377
71099
136722
432870
1248188
355922
247830
437172
930049
437172
3339327
361441
242401
284819
164438
188075
130905
394015
259941
410941
160473
728273
227044
339816
112860
258100
309056
252386
234842
548026
290795
125296
191797
673753
74552
177765
259166
139228
231310
757234
570287
325055
865355
89861
204869
1421003
757234
1853154
130689
772031
362851
1392695
182543
401023
73080
332778
181137
1637563
222962
185779
219545
271843
8319221
2939997
154613
188420
1772308
126515
145051
335555
169758
190466
449477
116330
193674
979563
120640
2528123
772031
142818
3700062
410081
215077
183355
352953
468443
1436240
267257
584370
98005
666716
221483
159240
174434
348497
126515
288168
189167
277994
678130
348497
161204
168725
584619
209286
210093
82923
1049716
939066
135632
1317620
91743
148224
165338
926213
148671
924051
474926
351171
730294
19509821
227818
204581
269476
255223
276475
152068
478927
88031
166249
257978
162071
926213
160946
698121
249284
941550
418993
11268254
101209
26818138
577202
354831
433059
3166019
4104929
239992
341433
430284
462014
400944
198308
269822
166128
76359
2730587
2246572
3398290
237771
118848
567773
102263
515357
520448
426114
300022
345437
1564013
156951
954823
882784
337988
126829
