397068830
187436345
83656436
170810500
40653579
125499445
389110027
275613160
47955085
674527007
45406445
82855168
65256494
40639745
56038657
147561375
231715244
304165952
123756313
228340078
64603750
231844571
255865264
34055269
133436199
888885
25387211
200067439
276284385
11821315
53062700
221079912
45602558
278623501
188199260
241032544
79982788
80951563
179396222
56888316
113564295
85698059
182007261
196871276
261670626
42057934
297488162
37968078
209778322
130081334
138000460
177274996
406664035
185719635
1469302
248150833
471771586
92350239
56775817
76048178
361852793
8670297
146898310
33783672
66199602
31788335
283754329
214529247
234601023
117899851
111608681
137302321
381608403
36406209
137946666
53019544
15604544
132310687
261674865
141164331
69491613
511986081
185643649
77589821
218916181
187031806
193927636
150321661
253830691
20210824
249515184
281757255
165841495
347365882
356118710
182756434
12988752
514561500
36354773
68545592
106361231
140118766
264510154
111164243
54152503
194770745
46344203
8371317
136380141
16894778
50662120
39734940
90454597
402129463
334002394
46766136
343961092
65602511
45973271
348007159
5885075
147618161
378144357
122472220
91730296
71394294
79683766
17214295
71654209
210612032
11499139
412947204
174678737
116796621
156905635
75532820
261801035
252614820
252124541
256040719
4017141
79239856
135222884
226433424
14996962
196038972
87920775
58204801
84187313
185752281
288390875
12660108
71691438
210747970
315928364
61531530
432191432
283342038
70403740
223808335
127627112
186467023
94562597
11006800
187182005
231945237
118218778
216966079
1373113
23104437
149882172
229431631
71312940
317378390
36103416
20710821
270028149
187393618
7509330
144532757
43584829
220708324
21972212
187570810
253870999
70765635
457790577
160549815
87499746
225400133
33156873
66259176
298823915
463679496
230162423
54658660
166212203
88199654
201827710
13021772
24766802
145322371
60597985
113034666
184214877
336185882
211075240
37939943
170139793
294649716
39776130
102412095
191245549
91136804
50045368
468856843
80237052
317825654
238521397
61530891
76787400
59353093
294024372
115037389
11174977
20345551
75409353
77511241
207573785
35241093
264466737
192220864
24164181
5129392
2249188
210686916
182614575
103542523
245444864
250178013
112606843
64809128
222507339
413809336
53212742
108884496
17967279
143156919
215716703
428186742
152241577
116393461
181448787
51160467
35486124
15244894
42568160
81892300
5515525
351215190
56708150
427250388
509335403
49284503
175943609
61339708
261525555
146142440
35906189
188900985
206890952
186082290
250386181
17177533
352575813
1482138
24100300
174568835
31168877
5144331
177938548
36522809
110233646
191682479
132428905
122630417
80706177
265251157
232353829
75682088
302288887
90182104
62912236
309875402
172220469
166155944
58748928
65266091
22607567
237414347
125234989
300127552
163781409
258535439
7364171
215918074
238369891
374853036
390006959
23784624
98189517
450090778
358038717
25494799
99514050
129707515
45781050
73563636
428230057
46741127
75165237
147453784
248012023
230081618
69012718
263634204
165373112
303265715
113082268
180203491
259020560
95303998
218075377
264444223
285044513
168936452
368037478
262228414
38309302
211606525
71731089
103106262
92517164
63367229
250392862
229587060
41750859
164894238
469368156
141673147
118989734
242017495
288953721
125993879
77690094
474285626
50384152
408904157
173278818
33090354
141408986
326286026
179804448
52631600
63740218
299242114
92420780
30190824
93719613
78741781
187551667
325754056
137294155
22088680
250814253
349247871
253932720
179435763
126743566
2123122
146261009
97631633
36037029
382231011
76021676
298894096
39818265
53797159
138272714
52899446
106573150
250361798
362355889
115352367
25497548
422680405
263608622
40448048
63701580
189005000
40582649
148810897
126551554
433690335
250728370
235359072
141296172
182740006
154745709
107878936
301906570
175051794
274868227
316491742
185922612
57867120
120390998
37309746
4963064
104287272
117882005
224786364
440610433
516366555
326569918
202461970
106401201
25294562
181332402
70872683
231460528
48926959
55091410
36601450
148497931
37233205
24852645
119065097
53420976
232766621
240633044
167867203
31870545
58483667
175583489
135103515
256174962
42978454
265217880
263488923
237013990
255277941
31219295
175813755
57244799
306040679
178333141
41187338
45535951
444819814
195659149
115706753
198831875
250802082
386272160
248490374
291961459
386199833
149292138
91010821
37558404
164221614
970710
242917410
145092161
306530259
116824281
128560623
136122006
110712507
77517679
86255210
90130979
10440759
28054990
84301239
238939103
44865857
27200601
99967374
229979260
134688073
188702881
88642152
116395252
51415802
82678661
46417307
316776074
333007050
122951747
95330172
74388067
50103496
88099610
6047097
9306990
28137876
36933881
258696082
86666935
385638012
4158496
94457489
76899112
420307768
139919190
83578915
131230701
332920518
51281200
271053557
97536121
96447082
361211353
32217374
27350155
78053681
16139854
199195406
278559453
111632758
133819291
107333574
57211230
27712487
568530054
205727962
13322305
319395884
499465135
198716462
75070179
32502726
410984339
175820719
141466513
110833950
39337375
229654717
95529449
95753848
201713977
151473266
2911685
48750655
116781746
12863691
12714696
320409337
426008796
115774268
212963705
431750283
113299388
412961124
250249514
3079542
263990517
69439636
642741
120964460
73807775
382853336
65832028
51642374
213768243
152769141
135802751
97558784
272393243
329899970
8645281
211196620
234218162
134814002
54055087
64671368
34946442
312358062
227953255
222933341
379259492
222664250
106060929
484833521
208587153
89782632
297448509
86172359
278540746
121923115
288971343
232982125
120648904
126135263
385252867
131481484
40098319
410809444
18765907
57255612
118349870
27841721
235153616
369685776
109203300
21115396
253040309
2764568
109522491
257669611
101205038
65917334
320956171
9129217
270475670
219065537
112135575
108021975
140185658
26881245
245574562
185611068
63157948
28626179
242572253
97456138
198377246
205669863
249114140
69366702
134181494
27958200
91547079
178647034
358113025
99248335
144355052
118633365
265464956
191453231
218165768
5610200
225830277
241917685
164841493
163759557
259827852
230120688
97036523
164793826
194389819
243133265
2913445
231603726
262283641
250909185
50145584
226017451
107928779
259057521
191116502
273720414
113472939
303447586
121731319
149554308
27586594
40769055
190712710
37644416
127760618
79642844
120120998
299255937
5915655
248075164
442772499
4225903
529087811
2479388
66197123
56653922
717742
98200376
126790983
151986270
110677153
55846153
119276709
391208472
27540521
110330266
106276076
20646532
60933385
147376169
9600200
109971232
64453139
279712195
209932044
190167925
349360515
18330159
34726219
124977745
230178661
247830321
86111756
179898116
184953683
2561041
182409068
207878100
341119048
362490467
165958575
2586406
103845392
73531749
326350476
59921582
336669404
58304914
43753153
82332166
55151711
130727823
100518130
11748186
93534223
96711442
355854988
9444626
138694583
116758298
42760753
93851940
215881164
56607526
154837688
145077158
69300986
484739624
67607560
24959035
256929582
6483971
150373606
196260003
9390492
481546565
151967023
96187787
71370422
122522374
217214429
56468776
259887990
11315483
319181989
21017343
15399381
184633070
113662888
219546592
380964477
646715722
71713809
137135813
40064636
35052894
56350200
246182553
224044334
146832433
165492966
316355842
149296937
193297109
228410543
140964982
162808749
244976899
229798579
213250523
155590014
94717074
357387074
129884255
124119814
91776844
21214583
17458499
299346498
226117483
202916327
72053603
58463738
47281983
183868853
22024515
75096448
6070530
51334754
118025935
90582536
74917839
21577981
93725863
344796293
18289346
135609303
78075173
18252505
303154662
222662228
36058318
382956672
226315694
194588968
64532984
130365921
134817569
295360827
364969642
67836465
116282190
451523829
4373164
178700822
26845639
394327572
27961958
294165185
39366335
209301610
88136010
279238908
261119507
40449630
88439907
82902079
167562146
68655216
285992077
353227960
17106192
153273664
196221139
253762841
110386318
319847567
52278864
215425235
296575761
175230381
188422491
102433529
190843392
78733101
20099835
243383856
155821691
198519854
15111263
21285826
282376582
275766913
128467086
184413273
149957047
55683003
9725187
86564205
43843217
181467105
24329274
58252881
99171828
186630381
127493231
210085928
242851197
538328228
107168138
38672990
44447693
74646763
543186835
145419542
0
134768727
54850461
212270560
179752293
315451591
8888468
150935665
57346190
553513960
84553002
87650046
118849444
371913415
176315319
5708083
27755181
195828967
186031800
48951414
131267676
499180271
197136287
220678908
279168167
95362169
95892606
239692106
15730044
84927826
11478839
194294793
52204471
64025458
22018460
88050618
76054495
78237966
31078780
94076108
8282092
31614755
29422806
51061848
264832152
377416704
61454166
68022591
134993506
58528337
475310404
77839768
48199830
141010439
76588302
46368463
103821117
144228841
214930692
1888721
329240144
72242488
214685642
147846764
27291804
135944166
128737077
121068054
380514670
114761257
5477027
83870185
51233014
321520645
208560932
273757477
72334650
284148990
121648580
118514461
601069229
354152186
24542526
117630520
89228810
142975146
329605194
195415416
24866387
396005888
351338132
144580001
116009299
92004056
39697460
258284565
241721855
74123232
239429577
162715584
357797214
229291846
93297690
61561789
451524460
44567347
283479093
159906369
244844869
187912348
322277552
33693103
381052490
28887442
95542987
228320742
252919855
116360223
125848641
633356306
139529219
186771078
433031997
215848612
111859660
202688176
4504321
249763749
47146019
66399582
71391484
46084161
111212289
402811793
67727179
201169745
338065958
228829455
84555800
65787410
221701526
128479789
46291856
371926282
470064459
116991350
272783116
26852071
178612650
33917851
119194133
59160800
198276291
51394475
275336091
123492202
189613589
93207777
261243296
129697007
2198873
163203277
29579296
204266029
157011675
111875642
263237381
84739273
193725146
102917533
260536484
89074027
155250613
23551397
17044887
18240106
177003651
138410215
96643373
17560210
67295028
3661483
214666870
203459895
375498294
19182534
167989679
14237968
5036926
3676012
98339309
182429847
49286444
2297072
76727546
457322056
100888026
377000105
64071037
54467466
123176144
328315086
205168413
63039950
81662687
273176958
362182966
158076899
96976716
301414217
469060508
5004331
35766919
77210860
408219011
68114652
9735391
155859183
470816404
154645672
61521469
16996685
103139908
285034864
199289116
205440963
47731603
131158466
111391625
20910304
15215641
143711360
187417133
141767866
121980133
142546442
45718235
24628159
166985324
220901912
288552129
239491123
62899795
273810580
62968819
68544223
59344076
272070330
182678674
49658168
312023069
191110498
295604604
217217826
118678064
220464704
326537479
145329409
319013864
111181009
169845236
198544862
171634304
147568478
108212902
50902922
13099416
273907038
150988165
185203207
16781717
54517012
379425042
119759697
61397098
125662947
282911189
518793547
230018035
28393324
233411270
67072722
15732562
150389686
27427949
24701275
435595994
257108891
79700063
46789729
494821205
298085315
110059816
304044698
457707166
32212638
90138339
13645338
196761921
251888272
92434279
98055027
32380806
188036632
91797186
421875997
134003826
340918522
66450678
30451919
95308013
406419325
263933556
272220496
244353616
2564738
83609319
34420066
45759265
54204102
164077013
13911180
117735484
302683456
45744651
17918190
90490978
87190186
151934828
160153668
233833725
30758303
19953416
75090602
34669202
148183537
198037857
69086180
204403887
302991084
191928883
75196583
1298380
334210416
220866735
248612194
54188114
120108650
241791612
135806486
142132637
136960069
21365996
110360621
170841598
23185709
112220336
273667320
405632692
117188352
182937606
253704303
243785204
227621380
442042213
293823082
352865860
98428013
132859378
125761219
88452028
166809113
87081602
43000446
253883280
101305464
51446756
339295727
174660212
46780388
218977261
314822449
207536210
90350054
46475929
16696343
124657698
181328068
330333083
311932786
32839087
125514561
103589854
270039423
37615480
32043874
86017084
188454600
177101756
346313481
69525725
18967855
12797091
471204894
35436259
144142727
247739351
201391411
70850023
267824567
66214739
581582007
805263
63627820
158504464
206069160
210953079
258346856
223943110
196111699
41278827
109285827
73125856
118741053
209633511
18428760
183569815
173616142
344057674
18674849
239828468
466691021
290281512
282188302
199461985
188096838
174097405
36972143
58080313
259833812
3149155
285098261
261363620
225825761
74648317
390029606
79376033
162723530
279860356
120258786
33378081
218367623
120990392
239475025
37635064
353937779
286596929
136319818
234893703
421125215
37797283
220021018
44488794
53374914
70566235
164563005
293693443
145674144
185616117
35928351
83409252
172277865
239380863
120866532
236716791
90374205
377119576
189970101
139237882
104295286
163540254
64785714
151577803
138993678
315778389
43614300
88176116
256746326
78035090
501495787
231028048
93135352
288847457
231598113
100448888
249404655
431882019
56776219
41622514
120820467
166718184
291852586
121520720
45659014
67394339
193062189
68089101
177649232
138507524
100515531
180825749
210531880
263794656
262130270
73598895
253859038
222525029
185455727
11124515
41023569
196319719
107026092
220541697
26676153
52943727
105074339
322322272
120666608
59310382
4864789
66564797
44646879
82784865
23637526
44401098
204222986
81295363
93702371
205304586
176510469
243271572
55326816
132804473
121140857
21049883
36443504
121614856
184162838
65433349
57214568
129868023
280017027
56699581
174820761
697591581
500445533
55182857
110976712
86982818
233616906
220051814
8535480
278199510
25061120
5938211
70846000
218501103
280199710
85126154
265110901
107650136
50750362
195557131
2582991
133737601
3236110
473863914
3129928
178735119
161505767
165927777
41394896
154800527
173966262
83480408
139373997
287132805
165011977
228093887
115705837
205980845
16470770
275597451
434227709
127291163
122449367
221441229
441248765
23643935
117429765
36918880
21351068
83200080
136970286
203044718
6945025
92501336
106442791
103656604
39828210
388895461
165323106
23468911
201299188
36613862
12669878
562088754
37309322
110000868
110821520
335128826
84440581
125872106
234334190
12054775
146601363
181429660
61791444
153591117
25397855
301098819
120635129
280569679
152042022
224249903
20138498
345789536
39740920
42531139
22435410
107099446
12678420
28567395
231252526
142735899
149703517
115749637
433801502
158766776
281148115
206552569
127320187
317166408
154041832
118609186
274353380
311149308
124923488
240085345
331590283
92490623
241160374
179249660
83731382
405908145
259516103
158031783
60403530
19420110
266691300
121227199
140838720
33653323
96741858
29931254
96061134
227291124
184613006
4847010
207034909
20932187
98624070
509550
497586790
307040712
536525968
161302322
13042448
15321109
225985233
101317585
75898692
148407532
49615818
125439871
318331964
44570824
171727121
83540623
194210644
110308951
79026942
124018669
355651392
35005457
271228602
30814062
122317773
22375166
1058736
203512032
357706596
209391537
92130596
195184506
90914415
294712008
191768505
79670007
346380747
95704565
88001761
6615373
52047775
279003027
6921259
165257549
115363379
191827605
31135538
65075477
324298816
8563493
403036187
171409804
146925916
195915067
99949331
18757815
221662529
48612036
148103343
195826345
2969835
497937808
15735959
165427383
302041937
52560019
152422874
298352566
354030090
144129901
316036054
168007660
5080221
301263433
124275669
155930290
28798613
26460739
179991968
201536125
268044581
22037120
229139602
242683967
115476011
72755569
100487957
86379427
265741050
89473935
71687272
266316302
87879300
58296208
430240760
202887233
82512326
230393927
207848393
40460335
61668875
173552857
369614211
469083211
245091293
395595211
192994755
25338682
79303549
150084945
59194380
279004884
138254682
189452963
60013155
117777790
493426662
433486601
469524339
217383197
409139998
45671988
5357425
209930194
269034648
30184310
301201512
414359621
83071491
210219555
308938897
99233353
36935598
154259319
8568807
810407
80222251
362082575
99666115
233637676
120241891
296044801
82576866
153811289
302778662
411951210
113169106
1852054
273501675
316201363
37928757
352855437
147674092
198161884
192846427
65532481
458193566
68631676
142874938
292075985
349703764
52957738
457013938
131357585
126555944
254783831
147124725
62533073
294598801
142252698
21936654
335978472
46064006
83269100
347106971
206917938
278791842
133517400
20712342
129692947
203879910
50862889
453826368
195615747
207109974
108647610
44808159
351012570
77793706
272732946
40395118
73993761
107427427
200136636
331846935
271666745
31726429
39665535
293030828
311867265
53096509
56555515
190798536
198182783
156516134
65324803
96687176
306861722
146245218
25927067
355919348
129387495
113402034
367655961
331031941
181968402
91801157
4598002
334509409
409421760
484792902
46781695
103639226
390608988
52249004
5330339
124460669
225712950
356573039
16618965
307279970
82674231
42444824
142301497
107392151
283138457
191726326
277986013
219206812
187955151
62076730
33196661
325261868
252377336
223878297
191503459
20666394
61243666
47019984
45086193
242139360
42652482
60764446
129071826
161777281
170739098
18483694
115506311
360455224
266188433
194083750
294724862
70685806
45346747
360807634
221238742
19791348
118307595
112731617
59642770
135661908
228152540
246276983
328466611
550666421
307127477
54427411
235735257
243855723
134267301
232680332
43867815
429229706
109541359
19408565
73962031
206212054
17525212
14419331
115316943
255508421
68355046
38242124
115010866
144289166
217235298
74148413
137676879
25331217
190360716
1897194
107475598
67305258
15001273
26040857
13566568
334614405
215994013
218270085
116854100
193365388
125783155
253161269
200830190
99631961
139444647
105306872
102965312
466834341
302675301
156712114
398450532
31852686
65797987
228462472
4397666
465196008
29063961
81395397
320381869
113372567
55476968
336398894
12405986
320621043
41313256
170692329
223735878
434778714
1404815
284062595
23465641
72915255
265354908
126845819
189343726
40205006
455478299
181414329
12847433
11682460
292021483
120870140
55450057
38065023
287165060
177004516
172034024
228898394
13588083
243939708
142771536
71313621
497466510
180760376
22196413
39459303
84980594
207666225
38298671
120169536
322714517
158664395
116322750
75189592
52406460
3612773
190686391
348262764
197803472
51605529
70315998
60957184
608373150
222998446
337958934
210265148
259334996
96563444
239629165
182499469
240731723
88788446
389877001
144119834
413701851
85121587
143295673
124218806
324241261
27970933
69146181
2922259
131947532
567638763
78821501
4638761
132247999
249995374
66764221
5353159
178059064
310362392
121861913
11029824
356303332
398373920
385325036
98156540
374078335
159752198
225265114
31759989
223030848
256015071
188669337
3920019
136010674
10132563
430797900
180239864
151351439
106486936
42147115
370503723
45492083
10482482
66730795
148975730
116672993
229251465
105038764
179897162
77905350
16334324
103784298
100209976
221329517
112370930
60258533
331375596
153079997
246290698
397496093
146286932
76775891
303111448
316538755
87821257
207989964
75502553
174057243
10686193
12442283
109451592
92270863
61665405
112941491
176263079
72494763
72318687
320141036
29534068
110368768
177791861
23190468
13653939
427039616
206564910
187219123
234301055
114239580
44712271
146927764
158388348
284173157
123340714
258007209
48000685
132659830
51643271
327211304
46550554
11125644
436002914
35268031
130401848
316395165
173298272
90377823
72899396
101269864
31235266
90597084
62004588
29989538
216357594
93672098
116840828
172928908
124485639
138918431
100886334
147440284
78848885
174126283
659247223
250901389
186495926
124919597
65396042
6348428
124954382
133704794
3518220
80249375
247270699
2979283
8363754
44035690
326858425
45679407
144607928
131150399
2192396
131662621
570177213
67907920
166385611
280970229
88935754
227486716
60874904
48994311
485195475
400719429
45635561
315271668
74577688
10537352
79109430
259617896
210122344
396877847
362887161
91018712
146036459
92287231
10691078
311200144
267366334
38622165
333799484
2233983
24206783
18659255
150950709
168347562
123436338
112765982
69766958
168928058
200787857
585031616
157409014
39481801
169842213
256925052
129819264
8618177
301306142
92791645
282028163
364395032
41044839
463732835
345647506
190218570
226972145
349250961
101861858
143031893
5452525
125199768
108653315
144439375
108639217
43739871
58600993
33406013
20078011
13726444
130319050
188568219
154065425
6021977
50646506
449012804
275022373
112784628
618758044
92910292
65479626
255348029
151279434
190994142
166199381
63859431
282721191
114177538
22230464
34254489
134352250
135705990
93431575
83523967
283466477
12433592
94682206
120569445
161844768
138151294
147886802
362136235
122172166
3027834
262741438
148305834
192696679
288000188
11635794
33259059
345580273
132347158
36827955
330774999
251812553
296927114
102159954
151626285
317359684
338264790
516718655
88986422
316402397
77633993
298473087
17880893
273974694
167197325
255705893
193340353
167535410
74288869
613034313
294988974
232083953
32117690
43965235
168928512
125188662
3271095
158542526
98584529
204529508
89743699
760417
95236297
400279761
9954109
56874192
9925797
39952024
58890306
43315942
100487479
124108851
530379137
289856402
183845379
128987688
88354958
367756893
52025639
228154669
54768478
66219299
144714404
183846324
160328607
27164483
68831524
270383944
56489317
24613075
43846416
58927402
211217699
233298592
223470215
95640517
48318860
23919228
27533257
271928780
180366607
48310992
188663492
7380353
392963623
18386659
144106940
100478654
207671196
304763596
200443062
4700680
95471643
518519688
78622761
260549787
235745401
99488738
97634846
118712749
244820619
12593249
447368091
207789218
225379343
327566725
461616815
162724983
107658984
113134974
35212575
61964616
309535106
44294248
93575790
148602192
24496953
297803540
345119187
175937635
190167158
37014648
75163813
177746401
280597113
90453405
546936130
3498461
274568523
195683737
21462861
69624444
46977697
90729308
21215586
25691710
216584778
138503477
99726304
144217153
259274980
95329636
61006356
48278328
181119051
113443113
171344002
179120137
51808549
3990222
294768953
230424200
84630035
226443808
53433737
34617918
37284197
103290487
335294765
239313136
10196581
200930050
220376450
439508951
266105625
227304317
104180307
157772486
9320778
41079579
3907568
145886325
6573543
82358507
271792730
306300481
134322795
2940421
38489182
23559565
171991550
35253481
93895951
67202859
120543957
152917261
40856124
281082433
89820611
91580991
93014579
165471813
43319147
51283403
29371757
15551663
6646432
202294588
231693448
3911406
172550191
432490029
469889646
46786949
10648339
14018250
94336617
230152776
110824454
239335396
131390271
172352026
93724615
231891668
25831978
307820422
217106661
29502835
200566710
353536378
608596736
152242854
32251503
309737823
234908314
75056493
73276857
311247964
45670173
84255241
92978186
230059322
186369697
71575596
347286005
122245762
13818341
44589080
82037505
290461891
150930581
193197419
480920574
117767986
37646986
364170234
198452533
261390296
203641465
29761662
192570700
193162434
9411025
38099216
196987345
158953345
255718925
209730648
13946346
136565461
41405455
135337304
105525352
145600168
113282526
217905908
145056639
45326153
49035289
42268860
278368480
94071080
190541173
5222620
49100514
180155057
95279751
37635953
41551942
59207179
292607747
192364008
255054221
112888167
81725393
343736425
162063137
104215257
133560358
248562277
19856211
79471131
64411504
231880900
15795469
85298154
100172838
178603462
127650968
172312319
231176611
201174691
139112289
2491525
139150412
261398751
39320729
710536
137248835
7706723
278866004
75626605
274501062
183239050
363401331
234805135
46943826
171553576
142625409
206160818
59166940
36104091
76022573
161427845
300289697
7164827
110929932
85349934
206067198
251349806
142025964
7016860
89511724
21019598
66628403
169570733
170134949
245034506
363970602
164531952
59112016
200867681
46895829
72186389
379200263
47435326
153705955
55339494
31584133
129090929
217803324
221937707
115413350
38079609
166138077
364475917
18491087
165398280
157869229
132231757
311709045
25565337
80337223
476266854
2442727
235811033
3420762
314499743
75144138
203362177
12462951
39574532
296562801
231356183
362244721
310969829
148795600
181703227
207796137
337806202
114894879
220881488
75389389
6888890
105481241
57243883
37816578
317929749
33888065
138601676
207548356
194560210
112541411
309407459
182737467
74417454
15629387
102787106
186409261
126677277
50728932
22696115
232635695
142471069
103472964
116601422
140555951
318895184
932169
26232712
371879967
272694517
232343185
180328582
70735512
831016
52607186
72305780
302634884
216585760
166025667
2117453
178656010
244999801
32281037
426048114
291686669
180485129
360844890
339953691
5600602
248400495
80619222
417637023
231789571
71122175
48159694
85883236
112855267
31966896
32987598
287142425
255084218
116376251
125719300
88652175
28105427
95551988
62229555
234890731
123248092
105698659
151476168
47159521
44580364
50297298
304834946
34831575
116271815
21612150
49096336
3799417
407939117
109904482
5096717
272582972
112305380
237446132
290104107
139589596
235826175
3813822
141741510
2993665
201562451
150423138
18609439
460607932
35739044
65274986
37233472
76294343
239430690
426090352
221875717
61199284
301108016
13296699
213917867
393009797
7649348
3252411
201671617
195762345
40225358
187809843
492390844
6518414
199204588
79457177
263232397
186650863
27205035
206140305
108412041
118215755
223325762
235862338
429534344
71146788
17848015
102466458
122589640
199973132
104461670
122787095
296097687
65270640
166753266
90194791
336426426
15739649
45953476
57753107
1423539
266204488
170875048
53483949
138486959
5465391
415662620
41897544
268477149
92521841
133986490
67090272
43453840
239650729
139050081
304730642
144378723
205181564
171706792
40677954
44054446
147905197
166048481
267997527
346590039
148768105
29081704
46861885
49773236
97393811
11843571
184523388
384045236
100664056
360809240
8177027
159146650
94834555
437644244
98128034
304635
30817640
2610019
139512679
4366833
293245933
433675702
76942943
22835176
302600049
99114609
380619658
529354381
328029460
335429329
280659142
101713651
158238111
163287957
86168869
1435692
364127491
130387884
126736289
426822567
57908492
50237665
134091482
229865145
94290403
238291005
11850148
5113967
132371127
222832072
87603082
113901071
180158534
71586360
34171154
312293293
57329521
153796948
227702823
235541052
334803273
101621337
47754253
286019557
114878177
63427561
156113002
57972406
399121384
229109952
126595481
6664222
90557818
245524759
333101525
24202475
10648319
33436570
68820258
43112703
287698871
242041362
39844180
391370157
422298199
7954679
23717541
49967980
15470865
95462601
108546605
183329093
547017007
65968029
53151692
94786975
71109830
108270188
345499409
104598371
61289495
116505143
52564985
49779784
70897244
3353480
135455074
105070776
178731523
97185915
25654442
231863756
55706038
88681335
10513261
50897377
206167802
187838389
233933091
138578269
26629444
14796398
34714996
176906960
308133486
142936524
53158959
135375006
402798275
78908473
229707202
429598280
459304281
63650679
7323593
131064206
55283082
458063033
202706868
0
110663753
14918908
206119037
1999841
36900393
337301390
90761129
71589744
48117947
29551844
229371448
124883026
109860127
435681336
186506681
249903487
240191348
178762733
264736689
136515324
39161833
106103393
62635550
121064105
201923746
267035597
262743752
34409800
100576871
185933333
6557049
251801414
79164023
189329088
60597011
115750082
153440089
4638093
116764287
42373840
108090758
188726534
45014776
45516713
75863117
170557284
47783973
106338932
39763494
71287698
226054288
5246687
80023034
143077344
305687908
242735638
13939223
340394658
21684456
136317063
169117909
85666083
228889346
117850866
65838145
100172431
146505569
243325713
190061706
370309641
417409598
322638049
155802993
172182510
109689931
120226268
182754143
88134697
266747465
67369997
56321433
437016264
299905315
46978943
50400615
167632999
181182509
2397207
268358759
39217375
